3116 : 2024-02-04 09:15:13,417 : INFO : telemetry.main : Attempt start. Configuration directory [/home/shashank/.azure].
3116 : 2024-02-04 09:15:13,418 : DEBUG : telemetry.note : acquiring lock
3116 : 2024-02-04 09:15:13,418 : DEBUG : telemetry.note : acquired lock
3116 : 2024-02-04 09:15:13,418 : INFO : telemetry.note : Update the note mtime to 2024-02-04 09:15:13.418591
3116 : 2024-02-04 09:15:13,418 : WARNING : telemetry.note : Fail to parse or read the timestamp 'N/A' in the note file. Set the last send time to minimal. Reason: not readable
3116 : 2024-02-04 09:15:13,419 : INFO : telemetry.records : 1 cache files to move.
3116 : 2024-02-04 09:15:13,419 : INFO : telemetry.records : Create temp folder /tmp/tmpryx5_l1j
3116 : 2024-02-04 09:15:13,420 : INFO : telemetry.records : Move file /home/shashank/.azure/telemetry/cache to /tmp/tmpryx5_l1j/cache
3116 : 2024-02-04 09:15:13,423 : INFO : telemetry.records : Processed file /tmp/tmpryx5_l1j/cache into 1 records.
3116 : 2024-02-04 09:15:13,424 : INFO : telemetry.records : Remove directory /tmp/tmpryx5_l1j
3116 : 2024-02-04 09:15:13,424 : INFO : telemetry.client : Accumulated 1 events. Flush the clients.
3116 : 2024-02-04 09:15:13,425 : INFO : telemetry.client : Flush client c4395b75-49cc-422c-bc95-c7d51aef5d46.
3116 : 2024-02-04 09:15:14,088 : INFO : telemetry.sender : Sending 3776 bytes
3116 : 2024-02-04 09:15:14,089 : INFO : telemetry.sender : Finish uploading in 0.664094 seconds.
3116 : 2024-02-04 09:15:14,089 : INFO : telemetry.note : Update the last send in note to 2024-02-04 09:15:13
3116 : 2024-02-04 09:15:14,090 : INFO : telemetry.note : Update the note mtime to 2024-02-04 09:15:14.090142
3139 : 2024-02-04 09:16:02,219 : INFO : telemetry.main : Attempt start. Configuration directory [/home/shashank/.azure].
3139 : 2024-02-04 09:16:02,219 : DEBUG : telemetry.note : acquiring lock
3139 : 2024-02-04 09:16:02,219 : DEBUG : telemetry.note : acquired lock
3139 : 2024-02-04 09:16:02,219 : INFO : telemetry.note : Update the note mtime to 2024-02-04 09:16:02.219810
3139 : 2024-02-04 09:16:02,221 : INFO : telemetry.note : Read timestamp from the note. The last send was 2024-02-04 09:15:13.
3139 : 2024-02-04 09:16:02,221 : INFO : telemetry.records : 1 cache files to move.
3139 : 2024-02-04 09:16:02,222 : INFO : telemetry.records : Create temp folder /tmp/tmppw18uwod
3139 : 2024-02-04 09:16:02,222 : INFO : telemetry.records : Move file /home/shashank/.azure/telemetry/cache to /tmp/tmppw18uwod/cache
3139 : 2024-02-04 09:16:02,222 : INFO : telemetry.records : Processed file /tmp/tmppw18uwod/cache into 1 records.
3139 : 2024-02-04 09:16:02,222 : INFO : telemetry.records : Remove directory /tmp/tmppw18uwod
3139 : 2024-02-04 09:16:02,223 : INFO : telemetry.client : Accumulated 1 events. Flush the clients.
3139 : 2024-02-04 09:16:02,223 : INFO : telemetry.client : Flush client c4395b75-49cc-422c-bc95-c7d51aef5d46.
3139 : 2024-02-04 09:16:02,874 : INFO : telemetry.sender : Sending 3790 bytes
3139 : 2024-02-04 09:16:02,875 : INFO : telemetry.sender : Finish uploading in 0.651972 seconds.
3139 : 2024-02-04 09:16:02,876 : INFO : telemetry.note : Update the last send in note to 2024-02-04 09:16:02
3139 : 2024-02-04 09:16:02,876 : INFO : telemetry.note : Update the note mtime to 2024-02-04 09:16:02.876970
3163 : 2024-02-04 09:16:13,432 : INFO : telemetry.main : Attempt start. Configuration directory [/home/shashank/.azure].
3163 : 2024-02-04 09:16:13,433 : DEBUG : telemetry.note : acquiring lock
3163 : 2024-02-04 09:16:13,433 : DEBUG : telemetry.note : acquired lock
3163 : 2024-02-04 09:16:13,433 : INFO : telemetry.note : Update the note mtime to 2024-02-04 09:16:13.433733
3163 : 2024-02-04 09:16:13,437 : INFO : telemetry.note : Read timestamp from the note. The last send was 2024-02-04 09:16:02.
3163 : 2024-02-04 09:16:13,438 : INFO : telemetry.records : 1 cache files to move.
3163 : 2024-02-04 09:16:13,438 : INFO : telemetry.records : Create temp folder /tmp/tmp3mtrmsex
3163 : 2024-02-04 09:16:13,439 : INFO : telemetry.records : Move file /home/shashank/.azure/telemetry/cache to /tmp/tmp3mtrmsex/cache
3163 : 2024-02-04 09:16:13,439 : INFO : telemetry.records : Processed file /tmp/tmp3mtrmsex/cache into 1 records.
3163 : 2024-02-04 09:16:13,440 : INFO : telemetry.records : Remove directory /tmp/tmp3mtrmsex
3163 : 2024-02-04 09:16:13,441 : INFO : telemetry.client : Accumulated 1 events. Flush the clients.
3163 : 2024-02-04 09:16:13,441 : INFO : telemetry.client : Flush client c4395b75-49cc-422c-bc95-c7d51aef5d46.
3163 : 2024-02-04 09:16:14,083 : INFO : telemetry.sender : Sending 4038 bytes
3163 : 2024-02-04 09:16:14,083 : INFO : telemetry.sender : Finish uploading in 0.641578 seconds.
3163 : 2024-02-04 09:16:14,083 : INFO : telemetry.note : Update the last send in note to 2024-02-04 09:16:13
3163 : 2024-02-04 09:16:14,083 : INFO : telemetry.note : Update the note mtime to 2024-02-04 09:16:14.083786
3277 : 2024-02-04 09:20:03,400 : INFO : telemetry.main : Attempt start. Configuration directory [/home/shashank/.azure].
3277 : 2024-02-04 09:20:03,400 : DEBUG : telemetry.note : acquiring lock
3277 : 2024-02-04 09:20:03,400 : DEBUG : telemetry.note : acquired lock
3277 : 2024-02-04 09:20:03,401 : INFO : telemetry.note : Update the note mtime to 2024-02-04 09:20:03.401088
3277 : 2024-02-04 09:20:03,403 : INFO : telemetry.note : Read timestamp from the note. The last send was 2024-02-04 09:16:13.
3277 : 2024-02-04 09:20:03,403 : INFO : telemetry.records : 1 cache files to move.
3277 : 2024-02-04 09:20:03,403 : INFO : telemetry.records : Create temp folder /tmp/tmpvkdzzm2x
3277 : 2024-02-04 09:20:03,404 : INFO : telemetry.records : Move file /home/shashank/.azure/telemetry/cache to /tmp/tmpvkdzzm2x/cache
3277 : 2024-02-04 09:20:03,404 : INFO : telemetry.records : Processed file /tmp/tmpvkdzzm2x/cache into 1 records.
3277 : 2024-02-04 09:20:03,404 : INFO : telemetry.records : Remove directory /tmp/tmpvkdzzm2x
3277 : 2024-02-04 09:20:03,405 : INFO : telemetry.client : Accumulated 1 events. Flush the clients.
3277 : 2024-02-04 09:20:03,405 : INFO : telemetry.client : Flush client c4395b75-49cc-422c-bc95-c7d51aef5d46.
3277 : 2024-02-04 09:20:04,034 : INFO : telemetry.sender : Sending 4038 bytes
3277 : 2024-02-04 09:20:04,035 : INFO : telemetry.sender : Finish uploading in 0.628659 seconds.
3277 : 2024-02-04 09:20:04,035 : INFO : telemetry.note : Update the last send in note to 2024-02-04 09:20:03
3277 : 2024-02-04 09:20:04,035 : INFO : telemetry.note : Update the note mtime to 2024-02-04 09:20:04.035738
3394 : 2024-02-04 09:24:33,208 : INFO : telemetry.main : Attempt start. Configuration directory [/home/shashank/.azure].
3394 : 2024-02-04 09:24:33,209 : DEBUG : telemetry.note : acquiring lock
3394 : 2024-02-04 09:24:33,209 : DEBUG : telemetry.note : acquired lock
3394 : 2024-02-04 09:24:33,209 : INFO : telemetry.note : Update the note mtime to 2024-02-04 09:24:33.209348
3394 : 2024-02-04 09:24:33,212 : INFO : telemetry.note : Read timestamp from the note. The last send was 2024-02-04 09:20:03.
3394 : 2024-02-04 09:24:33,213 : INFO : telemetry.records : 1 cache files to move.
3394 : 2024-02-04 09:24:33,213 : INFO : telemetry.records : Create temp folder /tmp/tmpm6zv16tk
3394 : 2024-02-04 09:24:33,214 : INFO : telemetry.records : Move file /home/shashank/.azure/telemetry/cache to /tmp/tmpm6zv16tk/cache
3394 : 2024-02-04 09:24:33,214 : INFO : telemetry.records : Processed file /tmp/tmpm6zv16tk/cache into 1 records.
3394 : 2024-02-04 09:24:33,215 : INFO : telemetry.records : Remove directory /tmp/tmpm6zv16tk
3394 : 2024-02-04 09:24:33,216 : INFO : telemetry.client : Accumulated 1 events. Flush the clients.
3394 : 2024-02-04 09:24:33,216 : INFO : telemetry.client : Flush client c4395b75-49cc-422c-bc95-c7d51aef5d46.
3394 : 2024-02-04 09:24:33,858 : INFO : telemetry.sender : Sending 4002 bytes
3394 : 2024-02-04 09:24:33,858 : INFO : telemetry.sender : Finish uploading in 0.641941 seconds.
3394 : 2024-02-04 09:24:33,858 : INFO : telemetry.note : Update the last send in note to 2024-02-04 09:24:33
3394 : 2024-02-04 09:24:33,859 : INFO : telemetry.note : Update the note mtime to 2024-02-04 09:24:33.859036
3440 : 2024-02-04 09:25:56,057 : INFO : telemetry.main : Attempt start. Configuration directory [/home/shashank/.azure].
3440 : 2024-02-04 09:25:56,058 : DEBUG : telemetry.note : acquiring lock
3440 : 2024-02-04 09:25:56,058 : DEBUG : telemetry.note : acquired lock
3440 : 2024-02-04 09:25:56,058 : INFO : telemetry.note : Update the note mtime to 2024-02-04 09:25:56.058701
3440 : 2024-02-04 09:25:56,061 : INFO : telemetry.note : Read timestamp from the note. The last send was 2024-02-04 09:24:33.
3440 : 2024-02-04 09:25:56,062 : INFO : telemetry.records : 1 cache files to move.
3440 : 2024-02-04 09:25:56,062 : INFO : telemetry.records : Create temp folder /tmp/tmp2v3xjk8f
3440 : 2024-02-04 09:25:56,063 : INFO : telemetry.records : Move file /home/shashank/.azure/telemetry/cache to /tmp/tmp2v3xjk8f/cache
3440 : 2024-02-04 09:25:56,063 : INFO : telemetry.records : Processed file /tmp/tmp2v3xjk8f/cache into 1 records.
3440 : 2024-02-04 09:25:56,063 : INFO : telemetry.records : Remove directory /tmp/tmp2v3xjk8f
3440 : 2024-02-04 09:25:56,064 : INFO : telemetry.client : Accumulated 1 events. Flush the clients.
3440 : 2024-02-04 09:25:56,065 : INFO : telemetry.client : Flush client c4395b75-49cc-422c-bc95-c7d51aef5d46.
3440 : 2024-02-04 09:25:56,717 : INFO : telemetry.sender : Sending 3794 bytes
3440 : 2024-02-04 09:25:56,717 : INFO : telemetry.sender : Finish uploading in 0.651985 seconds.
3440 : 2024-02-04 09:25:56,717 : INFO : telemetry.note : Update the last send in note to 2024-02-04 09:25:55
3440 : 2024-02-04 09:25:56,717 : INFO : telemetry.note : Update the note mtime to 2024-02-04 09:25:56.717781
3454 : 2024-02-04 09:25:56,745 : INFO : telemetry.main : Attempt start. Configuration directory [/home/shashank/.azure].
3454 : 2024-02-04 09:25:56,745 : DEBUG : telemetry.note : acquiring lock
3454 : 2024-02-04 09:25:56,745 : DEBUG : telemetry.note : acquired lock
3454 : 2024-02-04 09:25:56,746 : INFO : telemetry.note : Update the note mtime to 2024-02-04 09:25:56.745992
3454 : 2024-02-04 09:25:56,749 : INFO : telemetry.note : Read timestamp from the note. The last send was 2024-02-04 09:25:55.
3454 : 2024-02-04 09:25:56,749 : INFO : telemetry.records : 1 cache files to move.
3454 : 2024-02-04 09:25:56,750 : INFO : telemetry.records : Create temp folder /tmp/tmpbwhaae2t
3454 : 2024-02-04 09:25:56,750 : INFO : telemetry.records : Move file /home/shashank/.azure/telemetry/cache to /tmp/tmpbwhaae2t/cache
3454 : 2024-02-04 09:25:56,751 : INFO : telemetry.records : Processed file /tmp/tmpbwhaae2t/cache into 1 records.
3454 : 2024-02-04 09:25:56,751 : INFO : telemetry.records : Remove directory /tmp/tmpbwhaae2t
3454 : 2024-02-04 09:25:56,752 : INFO : telemetry.client : Accumulated 1 events. Flush the clients.
3454 : 2024-02-04 09:25:56,752 : INFO : telemetry.client : Flush client c4395b75-49cc-422c-bc95-c7d51aef5d46.
3454 : 2024-02-04 09:25:57,403 : INFO : telemetry.sender : Sending 3999 bytes
3454 : 2024-02-04 09:25:57,403 : INFO : telemetry.sender : Finish uploading in 0.650299 seconds.
3454 : 2024-02-04 09:25:57,403 : INFO : telemetry.note : Update the last send in note to 2024-02-04 09:25:56
3454 : 2024-02-04 09:25:57,403 : INFO : telemetry.note : Update the note mtime to 2024-02-04 09:25:57.403845
3467 : 2024-02-04 09:25:57,525 : INFO : telemetry.main : Attempt start. Configuration directory [/home/shashank/.azure].
3467 : 2024-02-04 09:25:57,525 : DEBUG : telemetry.note : acquiring lock
3467 : 2024-02-04 09:25:57,525 : DEBUG : telemetry.note : acquired lock
3467 : 2024-02-04 09:25:57,525 : INFO : telemetry.note : Update the note mtime to 2024-02-04 09:25:57.525927
3467 : 2024-02-04 09:25:57,527 : INFO : telemetry.note : Read timestamp from the note. The last send was 2024-02-04 09:25:56.
3467 : 2024-02-04 09:25:57,528 : INFO : telemetry.records : 1 cache files to move.
3467 : 2024-02-04 09:25:57,528 : INFO : telemetry.records : Create temp folder /tmp/tmpmk5ox3i9
3467 : 2024-02-04 09:25:57,528 : INFO : telemetry.records : Move file /home/shashank/.azure/telemetry/cache to /tmp/tmpmk5ox3i9/cache
3467 : 2024-02-04 09:25:57,528 : INFO : telemetry.records : Processed file /tmp/tmpmk5ox3i9/cache into 1 records.
3467 : 2024-02-04 09:25:57,529 : INFO : telemetry.records : Remove directory /tmp/tmpmk5ox3i9
3467 : 2024-02-04 09:25:57,529 : INFO : telemetry.client : Accumulated 1 events. Flush the clients.
3467 : 2024-02-04 09:25:57,529 : INFO : telemetry.client : Flush client c4395b75-49cc-422c-bc95-c7d51aef5d46.
3467 : 2024-02-04 09:25:58,150 : INFO : telemetry.sender : Sending 3990 bytes
3467 : 2024-02-04 09:25:58,150 : INFO : telemetry.sender : Finish uploading in 0.620749 seconds.
3467 : 2024-02-04 09:25:58,151 : INFO : telemetry.note : Update the last send in note to 2024-02-04 09:25:57
3467 : 2024-02-04 09:25:58,151 : INFO : telemetry.note : Update the note mtime to 2024-02-04 09:25:58.151174
3480 : 2024-02-04 09:25:58,226 : INFO : telemetry.main : Attempt start. Configuration directory [/home/shashank/.azure].
3480 : 2024-02-04 09:25:58,227 : DEBUG : telemetry.note : acquiring lock
3480 : 2024-02-04 09:25:58,227 : DEBUG : telemetry.note : acquired lock
3480 : 2024-02-04 09:25:58,227 : INFO : telemetry.note : Update the note mtime to 2024-02-04 09:25:58.227574
3480 : 2024-02-04 09:25:58,230 : INFO : telemetry.note : Read timestamp from the note. The last send was 2024-02-04 09:25:57.
3480 : 2024-02-04 09:25:58,231 : INFO : telemetry.records : 1 cache files to move.
3480 : 2024-02-04 09:25:58,231 : INFO : telemetry.records : Create temp folder /tmp/tmpazpiut3r
3480 : 2024-02-04 09:25:58,232 : INFO : telemetry.records : Move file /home/shashank/.azure/telemetry/cache to /tmp/tmpazpiut3r/cache
3480 : 2024-02-04 09:25:58,232 : INFO : telemetry.records : Processed file /tmp/tmpazpiut3r/cache into 2 records.
3480 : 2024-02-04 09:25:58,232 : INFO : telemetry.records : Remove directory /tmp/tmpazpiut3r
3480 : 2024-02-04 09:25:58,234 : INFO : telemetry.client : Accumulated 2 events. Flush the clients.
3480 : 2024-02-04 09:25:58,234 : INFO : telemetry.client : Flush client c4395b75-49cc-422c-bc95-c7d51aef5d46.
3489 : 2024-02-04 09:25:58,349 : INFO : telemetry.main : Attempt start. Configuration directory [/home/shashank/.azure].
3489 : 2024-02-04 09:25:58,349 : DEBUG : telemetry.note : acquiring lock
3489 : 2024-02-04 09:25:58,349 : INFO : telemetry.main : Lock out from note file under /home/shashank/.azure which means another process is running. Exit 0.
3480 : 2024-02-04 09:25:58,874 : INFO : telemetry.sender : Sending 7783 bytes
3480 : 2024-02-04 09:25:58,874 : INFO : telemetry.sender : Finish uploading in 0.639576 seconds.
3480 : 2024-02-04 09:25:58,874 : INFO : telemetry.note : Update the last send in note to 2024-02-04 09:25:58
3480 : 2024-02-04 09:25:58,875 : INFO : telemetry.note : Update the note mtime to 2024-02-04 09:25:58.875055
3502 : 2024-02-04 09:26:05,582 : INFO : telemetry.main : Attempt start. Configuration directory [/home/shashank/.azure].
3502 : 2024-02-04 09:26:05,582 : DEBUG : telemetry.note : acquiring lock
3502 : 2024-02-04 09:26:05,582 : DEBUG : telemetry.note : acquired lock
3502 : 2024-02-04 09:26:05,583 : INFO : telemetry.note : Update the note mtime to 2024-02-04 09:26:05.583110
3502 : 2024-02-04 09:26:05,586 : INFO : telemetry.note : Read timestamp from the note. The last send was 2024-02-04 09:25:58.
3502 : 2024-02-04 09:26:05,586 : INFO : telemetry.records : 1 cache files to move.
3502 : 2024-02-04 09:26:05,586 : INFO : telemetry.records : Create temp folder /tmp/tmp4_yy_s4c
3502 : 2024-02-04 09:26:05,587 : INFO : telemetry.records : Move file /home/shashank/.azure/telemetry/cache to /tmp/tmp4_yy_s4c/cache
3502 : 2024-02-04 09:26:05,588 : INFO : telemetry.records : Processed file /tmp/tmp4_yy_s4c/cache into 1 records.
3502 : 2024-02-04 09:26:05,588 : INFO : telemetry.records : Remove directory /tmp/tmp4_yy_s4c
3502 : 2024-02-04 09:26:05,590 : INFO : telemetry.client : Accumulated 1 events. Flush the clients.
3502 : 2024-02-04 09:26:05,590 : INFO : telemetry.client : Flush client c4395b75-49cc-422c-bc95-c7d51aef5d46.
3502 : 2024-02-04 09:26:06,223 : INFO : telemetry.sender : Sending 4002 bytes
3502 : 2024-02-04 09:26:06,224 : INFO : telemetry.sender : Finish uploading in 0.633271 seconds.
3502 : 2024-02-04 09:26:06,224 : INFO : telemetry.note : Update the last send in note to 2024-02-04 09:26:05
3502 : 2024-02-04 09:26:06,224 : INFO : telemetry.note : Update the note mtime to 2024-02-04 09:26:06.224674
3526 : 2024-02-04 09:26:13,660 : INFO : telemetry.main : Attempt start. Configuration directory [/home/shashank/.azure].
3526 : 2024-02-04 09:26:13,660 : DEBUG : telemetry.note : acquiring lock
3526 : 2024-02-04 09:26:13,660 : DEBUG : telemetry.note : acquired lock
3526 : 2024-02-04 09:26:13,661 : INFO : telemetry.note : Update the note mtime to 2024-02-04 09:26:13.661102
3526 : 2024-02-04 09:26:13,664 : INFO : telemetry.note : Read timestamp from the note. The last send was 2024-02-04 09:26:05.
3526 : 2024-02-04 09:26:13,664 : INFO : telemetry.records : 1 cache files to move.
3526 : 2024-02-04 09:26:13,665 : INFO : telemetry.records : Create temp folder /tmp/tmplf__e9oc
3526 : 2024-02-04 09:26:13,665 : INFO : telemetry.records : Move file /home/shashank/.azure/telemetry/cache to /tmp/tmplf__e9oc/cache
3526 : 2024-02-04 09:26:13,666 : INFO : telemetry.records : Processed file /tmp/tmplf__e9oc/cache into 1 records.
3526 : 2024-02-04 09:26:13,666 : INFO : telemetry.records : Remove directory /tmp/tmplf__e9oc
3526 : 2024-02-04 09:26:13,667 : INFO : telemetry.client : Accumulated 1 events. Flush the clients.
3526 : 2024-02-04 09:26:13,667 : INFO : telemetry.client : Flush client c4395b75-49cc-422c-bc95-c7d51aef5d46.
3526 : 2024-02-04 09:26:14,301 : INFO : telemetry.sender : Sending 4002 bytes
3526 : 2024-02-04 09:26:14,302 : INFO : telemetry.sender : Finish uploading in 0.634343 seconds.
3526 : 2024-02-04 09:26:14,302 : INFO : telemetry.note : Update the last send in note to 2024-02-04 09:26:13
3526 : 2024-02-04 09:26:14,302 : INFO : telemetry.note : Update the note mtime to 2024-02-04 09:26:14.302601
3539 : 2024-02-04 09:26:21,505 : INFO : telemetry.main : Attempt start. Configuration directory [/home/shashank/.azure].
3539 : 2024-02-04 09:26:21,506 : DEBUG : telemetry.note : acquiring lock
3539 : 2024-02-04 09:26:21,506 : DEBUG : telemetry.note : acquired lock
3539 : 2024-02-04 09:26:21,506 : INFO : telemetry.note : Update the note mtime to 2024-02-04 09:26:21.506242
3539 : 2024-02-04 09:26:21,507 : INFO : telemetry.note : Read timestamp from the note. The last send was 2024-02-04 09:26:13.
3539 : 2024-02-04 09:26:21,508 : INFO : telemetry.records : 1 cache files to move.
3539 : 2024-02-04 09:26:21,508 : INFO : telemetry.records : Create temp folder /tmp/tmpf0vjtb92
3539 : 2024-02-04 09:26:21,508 : INFO : telemetry.records : Move file /home/shashank/.azure/telemetry/cache to /tmp/tmpf0vjtb92/cache
3539 : 2024-02-04 09:26:21,508 : INFO : telemetry.records : Processed file /tmp/tmpf0vjtb92/cache into 1 records.
3539 : 2024-02-04 09:26:21,508 : INFO : telemetry.records : Remove directory /tmp/tmpf0vjtb92
3539 : 2024-02-04 09:26:21,509 : INFO : telemetry.client : Accumulated 1 events. Flush the clients.
3539 : 2024-02-04 09:26:21,509 : INFO : telemetry.client : Flush client c4395b75-49cc-422c-bc95-c7d51aef5d46.
3539 : 2024-02-04 09:26:22,143 : INFO : telemetry.sender : Sending 3720 bytes
3539 : 2024-02-04 09:26:22,144 : INFO : telemetry.sender : Finish uploading in 0.633951 seconds.
3539 : 2024-02-04 09:26:22,144 : INFO : telemetry.note : Update the last send in note to 2024-02-04 09:26:21
3539 : 2024-02-04 09:26:22,144 : INFO : telemetry.note : Update the note mtime to 2024-02-04 09:26:22.144524
3569 : 2024-02-04 09:26:52,985 : INFO : telemetry.main : Attempt start. Configuration directory [/home/shashank/.azure].
3569 : 2024-02-04 09:26:52,985 : DEBUG : telemetry.note : acquiring lock
3569 : 2024-02-04 09:26:52,986 : DEBUG : telemetry.note : acquired lock
3569 : 2024-02-04 09:26:52,986 : INFO : telemetry.note : Update the note mtime to 2024-02-04 09:26:52.986067
3569 : 2024-02-04 09:26:52,987 : INFO : telemetry.note : Read timestamp from the note. The last send was 2024-02-04 09:26:21.
3569 : 2024-02-04 09:26:52,988 : INFO : telemetry.records : 1 cache files to move.
3569 : 2024-02-04 09:26:52,988 : INFO : telemetry.records : Create temp folder /tmp/tmp5s3lcq6n
3569 : 2024-02-04 09:26:52,988 : INFO : telemetry.records : Move file /home/shashank/.azure/telemetry/cache to /tmp/tmp5s3lcq6n/cache
3569 : 2024-02-04 09:26:52,988 : INFO : telemetry.records : Processed file /tmp/tmp5s3lcq6n/cache into 1 records.
3569 : 2024-02-04 09:26:52,988 : INFO : telemetry.records : Remove directory /tmp/tmp5s3lcq6n
3569 : 2024-02-04 09:26:52,989 : INFO : telemetry.client : Accumulated 1 events. Flush the clients.
3569 : 2024-02-04 09:26:52,989 : INFO : telemetry.client : Flush client c4395b75-49cc-422c-bc95-c7d51aef5d46.
3569 : 2024-02-04 09:26:53,612 : INFO : telemetry.sender : Sending 3794 bytes
3569 : 2024-02-04 09:26:53,612 : INFO : telemetry.sender : Finish uploading in 0.623067 seconds.
3569 : 2024-02-04 09:26:53,613 : INFO : telemetry.note : Update the last send in note to 2024-02-04 09:26:52
3569 : 2024-02-04 09:26:53,613 : INFO : telemetry.note : Update the note mtime to 2024-02-04 09:26:53.613138
3582 : 2024-02-04 09:26:53,644 : INFO : telemetry.main : Attempt start. Configuration directory [/home/shashank/.azure].
3582 : 2024-02-04 09:26:53,644 : DEBUG : telemetry.note : acquiring lock
3582 : 2024-02-04 09:26:53,644 : DEBUG : telemetry.note : acquired lock
3582 : 2024-02-04 09:26:53,644 : INFO : telemetry.note : Update the note mtime to 2024-02-04 09:26:53.644635
3582 : 2024-02-04 09:26:53,646 : INFO : telemetry.note : Read timestamp from the note. The last send was 2024-02-04 09:26:52.
3582 : 2024-02-04 09:26:53,646 : INFO : telemetry.records : 1 cache files to move.
3582 : 2024-02-04 09:26:53,646 : INFO : telemetry.records : Create temp folder /tmp/tmphrb64d_h
3582 : 2024-02-04 09:26:53,647 : INFO : telemetry.records : Move file /home/shashank/.azure/telemetry/cache to /tmp/tmphrb64d_h/cache
3582 : 2024-02-04 09:26:53,647 : INFO : telemetry.records : Processed file /tmp/tmphrb64d_h/cache into 1 records.
3582 : 2024-02-04 09:26:53,647 : INFO : telemetry.records : Remove directory /tmp/tmphrb64d_h
3582 : 2024-02-04 09:26:53,648 : INFO : telemetry.client : Accumulated 1 events. Flush the clients.
3582 : 2024-02-04 09:26:53,648 : INFO : telemetry.client : Flush client c4395b75-49cc-422c-bc95-c7d51aef5d46.
3582 : 2024-02-04 09:26:54,274 : INFO : telemetry.sender : Sending 3999 bytes
3582 : 2024-02-04 09:26:54,275 : INFO : telemetry.sender : Finish uploading in 0.626426 seconds.
3582 : 2024-02-04 09:26:54,275 : INFO : telemetry.note : Update the last send in note to 2024-02-04 09:26:53
3582 : 2024-02-04 09:26:54,275 : INFO : telemetry.note : Update the note mtime to 2024-02-04 09:26:54.275292
3595 : 2024-02-04 09:26:54,356 : INFO : telemetry.main : Attempt start. Configuration directory [/home/shashank/.azure].
3595 : 2024-02-04 09:26:54,356 : DEBUG : telemetry.note : acquiring lock
3595 : 2024-02-04 09:26:54,357 : DEBUG : telemetry.note : acquired lock
3595 : 2024-02-04 09:26:54,357 : INFO : telemetry.note : Update the note mtime to 2024-02-04 09:26:54.357118
3595 : 2024-02-04 09:26:54,359 : INFO : telemetry.note : Read timestamp from the note. The last send was 2024-02-04 09:26:53.
3595 : 2024-02-04 09:26:54,360 : INFO : telemetry.records : 1 cache files to move.
3595 : 2024-02-04 09:26:54,360 : INFO : telemetry.records : Create temp folder /tmp/tmpnsotp5qq
3595 : 2024-02-04 09:26:54,360 : INFO : telemetry.records : Move file /home/shashank/.azure/telemetry/cache to /tmp/tmpnsotp5qq/cache
3595 : 2024-02-04 09:26:54,361 : INFO : telemetry.records : Processed file /tmp/tmpnsotp5qq/cache into 1 records.
3595 : 2024-02-04 09:26:54,361 : INFO : telemetry.records : Remove directory /tmp/tmpnsotp5qq
3595 : 2024-02-04 09:26:54,361 : INFO : telemetry.client : Accumulated 1 events. Flush the clients.
3595 : 2024-02-04 09:26:54,362 : INFO : telemetry.client : Flush client c4395b75-49cc-422c-bc95-c7d51aef5d46.
3595 : 2024-02-04 09:26:54,990 : INFO : telemetry.sender : Sending 3990 bytes
3595 : 2024-02-04 09:26:54,990 : INFO : telemetry.sender : Finish uploading in 0.628314 seconds.
3595 : 2024-02-04 09:26:54,991 : INFO : telemetry.note : Update the last send in note to 2024-02-04 09:26:54
3595 : 2024-02-04 09:26:54,991 : INFO : telemetry.note : Update the note mtime to 2024-02-04 09:26:54.991127
3608 : 2024-02-04 09:26:55,056 : INFO : telemetry.main : Attempt start. Configuration directory [/home/shashank/.azure].
3608 : 2024-02-04 09:26:55,057 : DEBUG : telemetry.note : acquiring lock
3608 : 2024-02-04 09:26:55,058 : DEBUG : telemetry.note : acquired lock
3608 : 2024-02-04 09:26:55,058 : INFO : telemetry.note : Update the note mtime to 2024-02-04 09:26:55.058390
3608 : 2024-02-04 09:26:55,064 : INFO : telemetry.note : Read timestamp from the note. The last send was 2024-02-04 09:26:54.
3608 : 2024-02-04 09:26:55,065 : INFO : telemetry.records : 1 cache files to move.
3608 : 2024-02-04 09:26:55,065 : INFO : telemetry.records : Create temp folder /tmp/tmptep48y4x
3608 : 2024-02-04 09:26:55,066 : INFO : telemetry.records : Move file /home/shashank/.azure/telemetry/cache to /tmp/tmptep48y4x/cache
3608 : 2024-02-04 09:26:55,067 : INFO : telemetry.records : Processed file /tmp/tmptep48y4x/cache into 1 records.
3608 : 2024-02-04 09:26:55,067 : INFO : telemetry.records : Remove directory /tmp/tmptep48y4x
3608 : 2024-02-04 09:26:55,068 : INFO : telemetry.client : Accumulated 1 events. Flush the clients.
3608 : 2024-02-04 09:26:55,069 : INFO : telemetry.client : Flush client c4395b75-49cc-422c-bc95-c7d51aef5d46.
3617 : 2024-02-04 09:26:55,193 : INFO : telemetry.main : Attempt start. Configuration directory [/home/shashank/.azure].
3617 : 2024-02-04 09:26:55,193 : DEBUG : telemetry.note : acquiring lock
3617 : 2024-02-04 09:26:55,193 : INFO : telemetry.main : Lock out from note file under /home/shashank/.azure which means another process is running. Exit 0.
3608 : 2024-02-04 09:26:55,722 : INFO : telemetry.sender : Sending 3792 bytes
3608 : 2024-02-04 09:26:55,722 : INFO : telemetry.sender : Finish uploading in 0.652915 seconds.
3608 : 2024-02-04 09:26:55,722 : INFO : telemetry.note : Update the last send in note to 2024-02-04 09:26:55
3608 : 2024-02-04 09:26:55,722 : INFO : telemetry.note : Update the note mtime to 2024-02-04 09:26:55.722918
3779 : 2024-02-04 09:33:26,392 : INFO : telemetry.main : Attempt start. Configuration directory [/home/shashank/.azure].
3779 : 2024-02-04 09:33:26,393 : DEBUG : telemetry.note : acquiring lock
3779 : 2024-02-04 09:33:26,393 : DEBUG : telemetry.note : acquired lock
3779 : 2024-02-04 09:33:26,393 : INFO : telemetry.note : Update the note mtime to 2024-02-04 09:33:26.393823
3779 : 2024-02-04 09:33:26,396 : INFO : telemetry.note : Read timestamp from the note. The last send was 2024-02-04 09:26:55.
3779 : 2024-02-04 09:33:26,397 : INFO : telemetry.records : 1 cache files to move.
3779 : 2024-02-04 09:33:26,397 : INFO : telemetry.records : Create temp folder /tmp/tmp6wv7c5l9
3779 : 2024-02-04 09:33:26,398 : INFO : telemetry.records : Move file /home/shashank/.azure/telemetry/cache to /tmp/tmp6wv7c5l9/cache
3779 : 2024-02-04 09:33:26,398 : INFO : telemetry.records : Processed file /tmp/tmp6wv7c5l9/cache into 1 records.
3779 : 2024-02-04 09:33:26,398 : INFO : telemetry.records : Remove directory /tmp/tmp6wv7c5l9
3779 : 2024-02-04 09:33:26,399 : INFO : telemetry.client : Accumulated 1 events. Flush the clients.
3779 : 2024-02-04 09:33:26,399 : INFO : telemetry.client : Flush client c4395b75-49cc-422c-bc95-c7d51aef5d46.
3779 : 2024-02-04 09:33:27,045 : INFO : telemetry.sender : Sending 3987 bytes
3779 : 2024-02-04 09:33:27,046 : INFO : telemetry.sender : Finish uploading in 0.645696 seconds.
3779 : 2024-02-04 09:33:27,046 : INFO : telemetry.note : Update the last send in note to 2024-02-04 09:33:25
3779 : 2024-02-04 09:33:27,046 : INFO : telemetry.note : Update the note mtime to 2024-02-04 09:33:27.046372
4887 : 2024-02-04 10:16:07,570 : INFO : telemetry.main : Attempt start. Configuration directory [/home/shashank/.azure].
4887 : 2024-02-04 10:16:07,570 : DEBUG : telemetry.note : acquiring lock
4887 : 2024-02-04 10:16:07,571 : DEBUG : telemetry.note : acquired lock
4887 : 2024-02-04 10:16:07,571 : INFO : telemetry.note : Update the note mtime to 2024-02-04 10:16:07.571159
4887 : 2024-02-04 10:16:07,575 : INFO : telemetry.note : Read timestamp from the note. The last send was 2024-02-04 09:33:25.
4887 : 2024-02-04 10:16:07,576 : INFO : telemetry.records : 1 cache files to move.
4887 : 2024-02-04 10:16:07,576 : INFO : telemetry.records : Create temp folder /tmp/tmpq_777czb
4887 : 2024-02-04 10:16:07,577 : INFO : telemetry.records : Move file /home/shashank/.azure/telemetry/cache to /tmp/tmpq_777czb/cache
4887 : 2024-02-04 10:16:07,577 : INFO : telemetry.records : Processed file /tmp/tmpq_777czb/cache into 1 records.
4887 : 2024-02-04 10:16:07,578 : INFO : telemetry.records : Remove directory /tmp/tmpq_777czb
4887 : 2024-02-04 10:16:07,579 : INFO : telemetry.client : Accumulated 1 events. Flush the clients.
4887 : 2024-02-04 10:16:07,579 : INFO : telemetry.client : Flush client c4395b75-49cc-422c-bc95-c7d51aef5d46.
4887 : 2024-02-04 10:16:08,222 : INFO : telemetry.sender : Sending 4722 bytes
4887 : 2024-02-04 10:16:08,222 : INFO : telemetry.sender : Finish uploading in 0.642424 seconds.
4887 : 2024-02-04 10:16:08,222 : INFO : telemetry.note : Update the last send in note to 2024-02-04 10:16:07
4887 : 2024-02-04 10:16:08,222 : INFO : telemetry.note : Update the note mtime to 2024-02-04 10:16:08.222746
4933 : 2024-02-04 10:17:20,726 : INFO : telemetry.main : Attempt start. Configuration directory [/home/shashank/.azure].
4933 : 2024-02-04 10:17:20,726 : DEBUG : telemetry.note : acquiring lock
4933 : 2024-02-04 10:17:20,726 : DEBUG : telemetry.note : acquired lock
4933 : 2024-02-04 10:17:20,726 : INFO : telemetry.note : Update the note mtime to 2024-02-04 10:17:20.726756
4933 : 2024-02-04 10:17:20,728 : INFO : telemetry.note : Read timestamp from the note. The last send was 2024-02-04 10:16:07.
4933 : 2024-02-04 10:17:20,728 : INFO : telemetry.records : 1 cache files to move.
4933 : 2024-02-04 10:17:20,728 : INFO : telemetry.records : Create temp folder /tmp/tmp61m5qn7o
4933 : 2024-02-04 10:17:20,729 : INFO : telemetry.records : Move file /home/shashank/.azure/telemetry/cache to /tmp/tmp61m5qn7o/cache
4933 : 2024-02-04 10:17:20,729 : INFO : telemetry.records : Processed file /tmp/tmp61m5qn7o/cache into 1 records.
4933 : 2024-02-04 10:17:20,729 : INFO : telemetry.records : Remove directory /tmp/tmp61m5qn7o
4933 : 2024-02-04 10:17:20,730 : INFO : telemetry.client : Accumulated 1 events. Flush the clients.
4933 : 2024-02-04 10:17:20,730 : INFO : telemetry.client : Flush client c4395b75-49cc-422c-bc95-c7d51aef5d46.
4933 : 2024-02-04 10:17:21,353 : INFO : telemetry.sender : Sending 3960 bytes
4933 : 2024-02-04 10:17:21,353 : INFO : telemetry.sender : Finish uploading in 0.623339 seconds.
4933 : 2024-02-04 10:17:21,353 : INFO : telemetry.note : Update the last send in note to 2024-02-04 10:17:20
4933 : 2024-02-04 10:17:21,354 : INFO : telemetry.note : Update the note mtime to 2024-02-04 10:17:21.354030
4946 : 2024-02-04 10:17:26,791 : INFO : telemetry.main : Attempt start. Configuration directory [/home/shashank/.azure].
4946 : 2024-02-04 10:17:26,791 : DEBUG : telemetry.note : acquiring lock
4946 : 2024-02-04 10:17:26,791 : DEBUG : telemetry.note : acquired lock
4946 : 2024-02-04 10:17:26,791 : INFO : telemetry.note : Update the note mtime to 2024-02-04 10:17:26.791470
4946 : 2024-02-04 10:17:26,792 : INFO : telemetry.note : Read timestamp from the note. The last send was 2024-02-04 10:17:20.
4946 : 2024-02-04 10:17:26,793 : INFO : telemetry.records : 1 cache files to move.
4946 : 2024-02-04 10:17:26,793 : INFO : telemetry.records : Create temp folder /tmp/tmpu56iql8i
4946 : 2024-02-04 10:17:26,793 : INFO : telemetry.records : Move file /home/shashank/.azure/telemetry/cache to /tmp/tmpu56iql8i/cache
4946 : 2024-02-04 10:17:26,793 : INFO : telemetry.records : Processed file /tmp/tmpu56iql8i/cache into 1 records.
4946 : 2024-02-04 10:17:26,794 : INFO : telemetry.records : Remove directory /tmp/tmpu56iql8i
4946 : 2024-02-04 10:17:26,794 : INFO : telemetry.client : Accumulated 1 events. Flush the clients.
4946 : 2024-02-04 10:17:26,794 : INFO : telemetry.client : Flush client c4395b75-49cc-422c-bc95-c7d51aef5d46.
4946 : 2024-02-04 10:17:27,425 : INFO : telemetry.sender : Sending 3959 bytes
4946 : 2024-02-04 10:17:27,425 : INFO : telemetry.sender : Finish uploading in 0.630154 seconds.
4946 : 2024-02-04 10:17:27,425 : INFO : telemetry.note : Update the last send in note to 2024-02-04 10:17:26
4946 : 2024-02-04 10:17:27,425 : INFO : telemetry.note : Update the note mtime to 2024-02-04 10:17:27.425779
4972 : 2024-02-04 10:17:48,473 : INFO : telemetry.main : Attempt start. Configuration directory [/home/shashank/.azure].
4972 : 2024-02-04 10:17:48,473 : DEBUG : telemetry.note : acquiring lock
4972 : 2024-02-04 10:17:48,473 : DEBUG : telemetry.note : acquired lock
4972 : 2024-02-04 10:17:48,474 : INFO : telemetry.note : Update the note mtime to 2024-02-04 10:17:48.474010
4972 : 2024-02-04 10:17:48,476 : INFO : telemetry.note : Read timestamp from the note. The last send was 2024-02-04 10:17:26.
4972 : 2024-02-04 10:17:48,477 : INFO : telemetry.records : 1 cache files to move.
4972 : 2024-02-04 10:17:48,477 : INFO : telemetry.records : Create temp folder /tmp/tmpkh4xghea
4972 : 2024-02-04 10:17:48,477 : INFO : telemetry.records : Move file /home/shashank/.azure/telemetry/cache to /tmp/tmpkh4xghea/cache
4972 : 2024-02-04 10:17:48,477 : INFO : telemetry.records : Processed file /tmp/tmpkh4xghea/cache into 1 records.
4972 : 2024-02-04 10:17:48,478 : INFO : telemetry.records : Remove directory /tmp/tmpkh4xghea
4972 : 2024-02-04 10:17:48,479 : INFO : telemetry.client : Accumulated 1 events. Flush the clients.
4972 : 2024-02-04 10:17:48,479 : INFO : telemetry.client : Flush client c4395b75-49cc-422c-bc95-c7d51aef5d46.
4972 : 2024-02-04 10:17:49,127 : INFO : telemetry.sender : Sending 4026 bytes
4972 : 2024-02-04 10:17:49,128 : INFO : telemetry.sender : Finish uploading in 0.648544 seconds.
4972 : 2024-02-04 10:17:49,128 : INFO : telemetry.note : Update the last send in note to 2024-02-04 10:17:48
4972 : 2024-02-04 10:17:49,128 : INFO : telemetry.note : Update the note mtime to 2024-02-04 10:17:49.128748
4985 : 2024-02-04 10:17:59,273 : INFO : telemetry.main : Attempt start. Configuration directory [/home/shashank/.azure].
4985 : 2024-02-04 10:17:59,273 : DEBUG : telemetry.note : acquiring lock
4985 : 2024-02-04 10:17:59,273 : DEBUG : telemetry.note : acquired lock
4985 : 2024-02-04 10:17:59,273 : INFO : telemetry.note : Update the note mtime to 2024-02-04 10:17:59.273562
4985 : 2024-02-04 10:17:59,275 : INFO : telemetry.note : Read timestamp from the note. The last send was 2024-02-04 10:17:48.
4985 : 2024-02-04 10:17:59,275 : INFO : telemetry.records : 1 cache files to move.
4985 : 2024-02-04 10:17:59,275 : INFO : telemetry.records : Create temp folder /tmp/tmpb5d71ygn
4985 : 2024-02-04 10:17:59,276 : INFO : telemetry.records : Move file /home/shashank/.azure/telemetry/cache to /tmp/tmpb5d71ygn/cache
4985 : 2024-02-04 10:17:59,276 : INFO : telemetry.records : Processed file /tmp/tmpb5d71ygn/cache into 1 records.
4985 : 2024-02-04 10:17:59,276 : INFO : telemetry.records : Remove directory /tmp/tmpb5d71ygn
4985 : 2024-02-04 10:17:59,276 : INFO : telemetry.client : Accumulated 1 events. Flush the clients.
4985 : 2024-02-04 10:17:59,277 : INFO : telemetry.client : Flush client c4395b75-49cc-422c-bc95-c7d51aef5d46.
4985 : 2024-02-04 10:18:00,037 : INFO : telemetry.sender : Sending 3802 bytes
4985 : 2024-02-04 10:18:00,037 : INFO : telemetry.sender : Finish uploading in 0.760740 seconds.
4985 : 2024-02-04 10:18:00,038 : INFO : telemetry.note : Update the last send in note to 2024-02-04 10:17:59
4985 : 2024-02-04 10:18:00,038 : INFO : telemetry.note : Update the note mtime to 2024-02-04 10:18:00.038348
4998 : 2024-02-04 10:18:12,624 : INFO : telemetry.main : Attempt start. Configuration directory [/home/shashank/.azure].
4998 : 2024-02-04 10:18:12,624 : DEBUG : telemetry.note : acquiring lock
4998 : 2024-02-04 10:18:12,625 : DEBUG : telemetry.note : acquired lock
4998 : 2024-02-04 10:18:12,625 : INFO : telemetry.note : Update the note mtime to 2024-02-04 10:18:12.625107
4998 : 2024-02-04 10:18:12,626 : INFO : telemetry.note : Read timestamp from the note. The last send was 2024-02-04 10:17:59.
4998 : 2024-02-04 10:18:12,627 : INFO : telemetry.records : 1 cache files to move.
4998 : 2024-02-04 10:18:12,627 : INFO : telemetry.records : Create temp folder /tmp/tmpx8i_yvix
4998 : 2024-02-04 10:18:12,627 : INFO : telemetry.records : Move file /home/shashank/.azure/telemetry/cache to /tmp/tmpx8i_yvix/cache
4998 : 2024-02-04 10:18:12,627 : INFO : telemetry.records : Processed file /tmp/tmpx8i_yvix/cache into 1 records.
4998 : 2024-02-04 10:18:12,627 : INFO : telemetry.records : Remove directory /tmp/tmpx8i_yvix
4998 : 2024-02-04 10:18:12,628 : INFO : telemetry.client : Accumulated 1 events. Flush the clients.
4998 : 2024-02-04 10:18:12,628 : INFO : telemetry.client : Flush client c4395b75-49cc-422c-bc95-c7d51aef5d46.
4998 : 2024-02-04 10:18:13,260 : INFO : telemetry.sender : Sending 3802 bytes
4998 : 2024-02-04 10:18:13,261 : INFO : telemetry.sender : Finish uploading in 0.632693 seconds.
4998 : 2024-02-04 10:18:13,261 : INFO : telemetry.note : Update the last send in note to 2024-02-04 10:18:12
4998 : 2024-02-04 10:18:13,261 : INFO : telemetry.note : Update the note mtime to 2024-02-04 10:18:13.261697
5060 : 2024-02-04 10:20:12,149 : INFO : telemetry.main : Attempt start. Configuration directory [/home/shashank/.azure].
5060 : 2024-02-04 10:20:12,149 : DEBUG : telemetry.note : acquiring lock
5060 : 2024-02-04 10:20:12,149 : DEBUG : telemetry.note : acquired lock
5060 : 2024-02-04 10:20:12,149 : INFO : telemetry.note : Update the note mtime to 2024-02-04 10:20:12.149854
5060 : 2024-02-04 10:20:12,156 : INFO : telemetry.note : Read timestamp from the note. The last send was 2024-02-04 10:18:12.
5060 : 2024-02-04 10:20:12,157 : INFO : telemetry.records : 1 cache files to move.
5060 : 2024-02-04 10:20:12,157 : INFO : telemetry.records : Create temp folder /tmp/tmpd7pagr2u
5060 : 2024-02-04 10:20:12,158 : INFO : telemetry.records : Move file /home/shashank/.azure/telemetry/cache to /tmp/tmpd7pagr2u/cache
5060 : 2024-02-04 10:20:12,158 : INFO : telemetry.records : Processed file /tmp/tmpd7pagr2u/cache into 1 records.
5060 : 2024-02-04 10:20:12,158 : INFO : telemetry.records : Remove directory /tmp/tmpd7pagr2u
5060 : 2024-02-04 10:20:12,159 : INFO : telemetry.client : Accumulated 1 events. Flush the clients.
5060 : 2024-02-04 10:20:12,159 : INFO : telemetry.client : Flush client c4395b75-49cc-422c-bc95-c7d51aef5d46.
5060 : 2024-02-04 10:20:12,893 : INFO : telemetry.sender : Sending 4955 bytes
5060 : 2024-02-04 10:20:12,894 : INFO : telemetry.sender : Finish uploading in 0.730360 seconds.
5060 : 2024-02-04 10:20:12,895 : INFO : telemetry.note : Update the last send in note to 2024-02-04 10:20:11
5060 : 2024-02-04 10:20:12,895 : INFO : telemetry.note : Update the note mtime to 2024-02-04 10:20:12.895672
5108 : 2024-02-04 10:21:28,081 : INFO : telemetry.main : Attempt start. Configuration directory [/home/shashank/.azure].
5108 : 2024-02-04 10:21:28,081 : DEBUG : telemetry.note : acquiring lock
5108 : 2024-02-04 10:21:28,081 : DEBUG : telemetry.note : acquired lock
5108 : 2024-02-04 10:21:28,081 : INFO : telemetry.note : Update the note mtime to 2024-02-04 10:21:28.081888
5108 : 2024-02-04 10:21:28,085 : INFO : telemetry.note : Read timestamp from the note. The last send was 2024-02-04 10:20:11.
5108 : 2024-02-04 10:21:28,085 : INFO : telemetry.records : 1 cache files to move.
5108 : 2024-02-04 10:21:28,086 : INFO : telemetry.records : Create temp folder /tmp/tmp2qiesa8f
5108 : 2024-02-04 10:21:28,086 : INFO : telemetry.records : Move file /home/shashank/.azure/telemetry/cache to /tmp/tmp2qiesa8f/cache
5108 : 2024-02-04 10:21:28,087 : INFO : telemetry.records : Processed file /tmp/tmp2qiesa8f/cache into 1 records.
5108 : 2024-02-04 10:21:28,087 : INFO : telemetry.records : Remove directory /tmp/tmp2qiesa8f
5108 : 2024-02-04 10:21:28,088 : INFO : telemetry.client : Accumulated 1 events. Flush the clients.
5108 : 2024-02-04 10:21:28,088 : INFO : telemetry.client : Flush client c4395b75-49cc-422c-bc95-c7d51aef5d46.
5108 : 2024-02-04 10:21:28,746 : INFO : telemetry.sender : Sending 3794 bytes
5108 : 2024-02-04 10:21:28,747 : INFO : telemetry.sender : Finish uploading in 0.657798 seconds.
5108 : 2024-02-04 10:21:28,748 : INFO : telemetry.note : Update the last send in note to 2024-02-04 10:21:27
5108 : 2024-02-04 10:21:28,748 : INFO : telemetry.note : Update the note mtime to 2024-02-04 10:21:28.748317
5121 : 2024-02-04 10:21:28,783 : INFO : telemetry.main : Attempt start. Configuration directory [/home/shashank/.azure].
5121 : 2024-02-04 10:21:28,784 : DEBUG : telemetry.note : acquiring lock
5121 : 2024-02-04 10:21:28,784 : DEBUG : telemetry.note : acquired lock
5121 : 2024-02-04 10:21:28,784 : INFO : telemetry.note : Update the note mtime to 2024-02-04 10:21:28.784689
5121 : 2024-02-04 10:21:28,787 : INFO : telemetry.note : Read timestamp from the note. The last send was 2024-02-04 10:21:27.
5121 : 2024-02-04 10:21:28,788 : INFO : telemetry.records : 1 cache files to move.
5121 : 2024-02-04 10:21:28,788 : INFO : telemetry.records : Create temp folder /tmp/tmpzo54dm5t
5121 : 2024-02-04 10:21:28,789 : INFO : telemetry.records : Move file /home/shashank/.azure/telemetry/cache to /tmp/tmpzo54dm5t/cache
5121 : 2024-02-04 10:21:28,789 : INFO : telemetry.records : Processed file /tmp/tmpzo54dm5t/cache into 1 records.
5121 : 2024-02-04 10:21:28,789 : INFO : telemetry.records : Remove directory /tmp/tmpzo54dm5t
5121 : 2024-02-04 10:21:28,790 : INFO : telemetry.client : Accumulated 1 events. Flush the clients.
5121 : 2024-02-04 10:21:28,790 : INFO : telemetry.client : Flush client c4395b75-49cc-422c-bc95-c7d51aef5d46.
5121 : 2024-02-04 10:21:29,432 : INFO : telemetry.sender : Sending 3999 bytes
5121 : 2024-02-04 10:21:29,433 : INFO : telemetry.sender : Finish uploading in 0.642087 seconds.
5121 : 2024-02-04 10:21:29,433 : INFO : telemetry.note : Update the last send in note to 2024-02-04 10:21:28
5121 : 2024-02-04 10:21:29,433 : INFO : telemetry.note : Update the note mtime to 2024-02-04 10:21:29.433485
5134 : 2024-02-04 10:21:29,475 : INFO : telemetry.main : Attempt start. Configuration directory [/home/shashank/.azure].
5134 : 2024-02-04 10:21:29,476 : DEBUG : telemetry.note : acquiring lock
5134 : 2024-02-04 10:21:29,476 : DEBUG : telemetry.note : acquired lock
5134 : 2024-02-04 10:21:29,477 : INFO : telemetry.note : Update the note mtime to 2024-02-04 10:21:29.476975
5134 : 2024-02-04 10:21:29,480 : INFO : telemetry.note : Read timestamp from the note. The last send was 2024-02-04 10:21:28.
5134 : 2024-02-04 10:21:29,485 : INFO : telemetry.records : 1 cache files to move.
5134 : 2024-02-04 10:21:29,486 : INFO : telemetry.records : Create temp folder /tmp/tmppuyj810a
5134 : 2024-02-04 10:21:29,486 : INFO : telemetry.records : Move file /home/shashank/.azure/telemetry/cache to /tmp/tmppuyj810a/cache
5134 : 2024-02-04 10:21:29,486 : INFO : telemetry.records : Processed file /tmp/tmppuyj810a/cache into 1 records.
5134 : 2024-02-04 10:21:29,487 : INFO : telemetry.records : Remove directory /tmp/tmppuyj810a
5134 : 2024-02-04 10:21:29,488 : INFO : telemetry.client : Accumulated 1 events. Flush the clients.
5134 : 2024-02-04 10:21:29,488 : INFO : telemetry.client : Flush client c4395b75-49cc-422c-bc95-c7d51aef5d46.
5134 : 2024-02-04 10:21:30,147 : INFO : telemetry.sender : Sending 3990 bytes
5134 : 2024-02-04 10:21:30,147 : INFO : telemetry.sender : Finish uploading in 0.657928 seconds.
5134 : 2024-02-04 10:21:30,147 : INFO : telemetry.note : Update the last send in note to 2024-02-04 10:21:29
5134 : 2024-02-04 10:21:30,147 : INFO : telemetry.note : Update the note mtime to 2024-02-04 10:21:30.147624
5147 : 2024-02-04 10:21:30,187 : INFO : telemetry.main : Attempt start. Configuration directory [/home/shashank/.azure].
5147 : 2024-02-04 10:21:30,187 : DEBUG : telemetry.note : acquiring lock
5147 : 2024-02-04 10:21:30,187 : DEBUG : telemetry.note : acquired lock
5147 : 2024-02-04 10:21:30,187 : INFO : telemetry.note : Update the note mtime to 2024-02-04 10:21:30.187864
5147 : 2024-02-04 10:21:30,190 : INFO : telemetry.note : Read timestamp from the note. The last send was 2024-02-04 10:21:29.
5147 : 2024-02-04 10:21:30,191 : INFO : telemetry.records : 1 cache files to move.
5147 : 2024-02-04 10:21:30,191 : INFO : telemetry.records : Create temp folder /tmp/tmp8j1zb6pp
5147 : 2024-02-04 10:21:30,192 : INFO : telemetry.records : Move file /home/shashank/.azure/telemetry/cache to /tmp/tmp8j1zb6pp/cache
5147 : 2024-02-04 10:21:30,192 : INFO : telemetry.records : Processed file /tmp/tmp8j1zb6pp/cache into 1 records.
5147 : 2024-02-04 10:21:30,193 : INFO : telemetry.records : Remove directory /tmp/tmp8j1zb6pp
5147 : 2024-02-04 10:21:30,193 : INFO : telemetry.client : Accumulated 1 events. Flush the clients.
5147 : 2024-02-04 10:21:30,194 : INFO : telemetry.client : Flush client c4395b75-49cc-422c-bc95-c7d51aef5d46.
5157 : 2024-02-04 10:21:30,330 : INFO : telemetry.main : Attempt start. Configuration directory [/home/shashank/.azure].
5157 : 2024-02-04 10:21:30,331 : DEBUG : telemetry.note : acquiring lock
5157 : 2024-02-04 10:21:30,331 : INFO : telemetry.main : Lock out from note file under /home/shashank/.azure which means another process is running. Exit 0.
5147 : 2024-02-04 10:21:30,853 : INFO : telemetry.sender : Sending 3792 bytes
5147 : 2024-02-04 10:21:30,853 : INFO : telemetry.sender : Finish uploading in 0.659346 seconds.
5147 : 2024-02-04 10:21:30,854 : INFO : telemetry.note : Update the last send in note to 2024-02-04 10:21:30
5147 : 2024-02-04 10:21:30,854 : INFO : telemetry.note : Update the note mtime to 2024-02-04 10:21:30.854342
5322 : 2024-02-04 10:27:35,013 : INFO : telemetry.main : Attempt start. Configuration directory [/home/shashank/.azure].
5322 : 2024-02-04 10:27:35,013 : DEBUG : telemetry.note : acquiring lock
5322 : 2024-02-04 10:27:35,014 : DEBUG : telemetry.note : acquired lock
5322 : 2024-02-04 10:27:35,014 : INFO : telemetry.note : Update the note mtime to 2024-02-04 10:27:35.014953
5322 : 2024-02-04 10:27:35,022 : INFO : telemetry.note : Read timestamp from the note. The last send was 2024-02-04 10:21:30.
5322 : 2024-02-04 10:27:35,024 : INFO : telemetry.records : 1 cache files to move.
5322 : 2024-02-04 10:27:35,025 : INFO : telemetry.records : Create temp folder /tmp/tmpvzft3m27
5322 : 2024-02-04 10:27:35,026 : INFO : telemetry.records : Move file /home/shashank/.azure/telemetry/cache to /tmp/tmpvzft3m27/cache
5322 : 2024-02-04 10:27:35,027 : INFO : telemetry.records : Processed file /tmp/tmpvzft3m27/cache into 1 records.
5322 : 2024-02-04 10:27:35,028 : INFO : telemetry.records : Remove directory /tmp/tmpvzft3m27
5322 : 2024-02-04 10:27:35,031 : INFO : telemetry.client : Accumulated 1 events. Flush the clients.
5322 : 2024-02-04 10:27:35,032 : INFO : telemetry.client : Flush client c4395b75-49cc-422c-bc95-c7d51aef5d46.
5322 : 2024-02-04 10:27:35,748 : INFO : telemetry.sender : Sending 3815 bytes
5322 : 2024-02-04 10:27:35,748 : INFO : telemetry.sender : Finish uploading in 0.714825 seconds.
5322 : 2024-02-04 10:27:35,748 : INFO : telemetry.note : Update the last send in note to 2024-02-04 10:27:34
5322 : 2024-02-04 10:27:35,748 : INFO : telemetry.note : Update the note mtime to 2024-02-04 10:27:35.748960
6621 : 2024-02-04 11:17:03,744 : INFO : telemetry.main : Attempt start. Configuration directory [/home/shashank/.azure].
6621 : 2024-02-04 11:17:03,746 : DEBUG : telemetry.note : acquiring lock
6621 : 2024-02-04 11:17:03,746 : DEBUG : telemetry.note : acquired lock
6621 : 2024-02-04 11:17:03,747 : INFO : telemetry.note : Update the note mtime to 2024-02-04 11:17:03.747210
6621 : 2024-02-04 11:17:03,754 : INFO : telemetry.note : Read timestamp from the note. The last send was 2024-02-04 10:27:34.
6621 : 2024-02-04 11:17:03,756 : INFO : telemetry.records : 1 cache files to move.
6621 : 2024-02-04 11:17:03,756 : INFO : telemetry.records : Create temp folder /tmp/tmpm3lc28si
6621 : 2024-02-04 11:17:03,757 : INFO : telemetry.records : Move file /home/shashank/.azure/telemetry/cache to /tmp/tmpm3lc28si/cache
6621 : 2024-02-04 11:17:03,758 : INFO : telemetry.records : Processed file /tmp/tmpm3lc28si/cache into 1 records.
6621 : 2024-02-04 11:17:03,759 : INFO : telemetry.records : Remove directory /tmp/tmpm3lc28si
6621 : 2024-02-04 11:17:03,761 : INFO : telemetry.client : Accumulated 1 events. Flush the clients.
6621 : 2024-02-04 11:17:03,762 : INFO : telemetry.client : Flush client c4395b75-49cc-422c-bc95-c7d51aef5d46.
6621 : 2024-02-04 11:17:04,431 : INFO : telemetry.sender : Sending 3814 bytes
6621 : 2024-02-04 11:17:04,433 : INFO : telemetry.sender : Finish uploading in 0.669954 seconds.
6621 : 2024-02-04 11:17:04,434 : INFO : telemetry.note : Update the last send in note to 2024-02-04 11:17:03
6621 : 2024-02-04 11:17:04,434 : INFO : telemetry.note : Update the note mtime to 2024-02-04 11:17:04.434693
884 : 2024-02-04 13:27:02,605 : INFO : telemetry.main : Attempt start. Configuration directory [/home/shashank/.azure].
884 : 2024-02-04 13:27:02,622 : DEBUG : telemetry.note : acquiring lock
884 : 2024-02-04 13:27:02,622 : DEBUG : telemetry.note : acquired lock
884 : 2024-02-04 13:27:02,622 : INFO : telemetry.note : Update the note mtime to 2024-02-04 13:27:02.622809
884 : 2024-02-04 13:27:02,636 : INFO : telemetry.note : Read timestamp from the note. The last send was 2024-02-04 11:17:03.
884 : 2024-02-04 13:27:02,636 : INFO : telemetry.records : 1 cache files to move.
884 : 2024-02-04 13:27:02,636 : INFO : telemetry.records : Create temp folder /tmp/tmp2y601yme
884 : 2024-02-04 13:27:02,637 : INFO : telemetry.records : Move file /home/shashank/.azure/telemetry/cache to /tmp/tmp2y601yme/cache
884 : 2024-02-04 13:27:02,637 : INFO : telemetry.records : Processed file /tmp/tmp2y601yme/cache into 1 records.
884 : 2024-02-04 13:27:02,637 : INFO : telemetry.records : Remove directory /tmp/tmp2y601yme
884 : 2024-02-04 13:27:02,638 : INFO : telemetry.client : Accumulated 1 events. Flush the clients.
884 : 2024-02-04 13:27:02,638 : INFO : telemetry.client : Flush client c4395b75-49cc-422c-bc95-c7d51aef5d46.
884 : 2024-02-04 13:27:03,327 : INFO : telemetry.sender : Sending 3798 bytes
884 : 2024-02-04 13:27:03,327 : INFO : telemetry.sender : Finish uploading in 0.688739 seconds.
884 : 2024-02-04 13:27:03,327 : INFO : telemetry.note : Update the last send in note to 2024-02-04 13:27:02
884 : 2024-02-04 13:27:03,327 : INFO : telemetry.note : Update the note mtime to 2024-02-04 13:27:03.327621
924 : 2024-02-04 13:27:04,220 : INFO : telemetry.main : Attempt start. Configuration directory [/home/shashank/.azure].
924 : 2024-02-04 13:27:04,220 : DEBUG : telemetry.note : acquiring lock
924 : 2024-02-04 13:27:04,220 : DEBUG : telemetry.note : acquired lock
924 : 2024-02-04 13:27:04,220 : INFO : telemetry.note : Update the note mtime to 2024-02-04 13:27:04.220847
924 : 2024-02-04 13:27:04,224 : INFO : telemetry.note : Read timestamp from the note. The last send was 2024-02-04 13:27:02.
924 : 2024-02-04 13:27:04,225 : INFO : telemetry.records : 1 cache files to move.
924 : 2024-02-04 13:27:04,225 : INFO : telemetry.records : Create temp folder /tmp/tmpiul1zxmq
924 : 2024-02-04 13:27:04,226 : INFO : telemetry.records : Move file /home/shashank/.azure/telemetry/cache to /tmp/tmpiul1zxmq/cache
924 : 2024-02-04 13:27:04,226 : INFO : telemetry.records : Processed file /tmp/tmpiul1zxmq/cache into 1 records.
924 : 2024-02-04 13:27:04,226 : INFO : telemetry.records : Remove directory /tmp/tmpiul1zxmq
924 : 2024-02-04 13:27:04,227 : INFO : telemetry.client : Accumulated 1 events. Flush the clients.
924 : 2024-02-04 13:27:04,227 : INFO : telemetry.client : Flush client c4395b75-49cc-422c-bc95-c7d51aef5d46.
942 : 2024-02-04 13:27:04,851 : INFO : telemetry.main : Attempt start. Configuration directory [/home/shashank/.azure].
942 : 2024-02-04 13:27:04,851 : DEBUG : telemetry.note : acquiring lock
942 : 2024-02-04 13:27:04,852 : INFO : telemetry.main : Lock out from note file under /home/shashank/.azure which means another process is running. Exit 0.
924 : 2024-02-04 13:27:04,882 : INFO : telemetry.sender : Sending 3814 bytes
924 : 2024-02-04 13:27:04,883 : INFO : telemetry.sender : Finish uploading in 0.655751 seconds.
924 : 2024-02-04 13:27:04,883 : INFO : telemetry.note : Update the last send in note to 2024-02-04 13:27:03
924 : 2024-02-04 13:27:04,883 : INFO : telemetry.note : Update the note mtime to 2024-02-04 13:27:04.883814
959 : 2024-02-04 13:27:06,632 : INFO : telemetry.main : Attempt start. Configuration directory [/home/shashank/.azure].
959 : 2024-02-04 13:27:06,632 : DEBUG : telemetry.note : acquiring lock
959 : 2024-02-04 13:27:06,633 : DEBUG : telemetry.note : acquired lock
959 : 2024-02-04 13:27:06,633 : INFO : telemetry.note : Update the note mtime to 2024-02-04 13:27:06.633790
959 : 2024-02-04 13:27:06,637 : INFO : telemetry.note : Read timestamp from the note. The last send was 2024-02-04 13:27:03.
959 : 2024-02-04 13:27:06,637 : INFO : telemetry.records : 1 cache files to move.
959 : 2024-02-04 13:27:06,638 : INFO : telemetry.records : Create temp folder /tmp/tmp50iks2yr
959 : 2024-02-04 13:27:06,638 : INFO : telemetry.records : Move file /home/shashank/.azure/telemetry/cache to /tmp/tmp50iks2yr/cache
959 : 2024-02-04 13:27:06,640 : INFO : telemetry.records : Processed file /tmp/tmp50iks2yr/cache into 2 records.
959 : 2024-02-04 13:27:06,640 : INFO : telemetry.records : Remove directory /tmp/tmp50iks2yr
959 : 2024-02-04 13:27:06,642 : INFO : telemetry.client : Accumulated 2 events. Flush the clients.
959 : 2024-02-04 13:27:06,642 : INFO : telemetry.client : Flush client c4395b75-49cc-422c-bc95-c7d51aef5d46.
959 : 2024-02-04 13:27:07,319 : INFO : telemetry.sender : Sending 7628 bytes
959 : 2024-02-04 13:27:07,320 : INFO : telemetry.sender : Finish uploading in 0.677396 seconds.
959 : 2024-02-04 13:27:07,320 : INFO : telemetry.note : Update the last send in note to 2024-02-04 13:27:06
959 : 2024-02-04 13:27:07,321 : INFO : telemetry.note : Update the note mtime to 2024-02-04 13:27:07.321118
1005 : 2024-02-04 13:27:53,254 : INFO : telemetry.main : Attempt start. Configuration directory [/home/shashank/.azure].
1005 : 2024-02-04 13:27:53,255 : DEBUG : telemetry.note : acquiring lock
1005 : 2024-02-04 13:27:53,255 : DEBUG : telemetry.note : acquired lock
1005 : 2024-02-04 13:27:53,255 : INFO : telemetry.note : Update the note mtime to 2024-02-04 13:27:53.255226
1005 : 2024-02-04 13:27:53,256 : INFO : telemetry.note : Read timestamp from the note. The last send was 2024-02-04 13:27:06.
1005 : 2024-02-04 13:27:53,256 : INFO : telemetry.records : 1 cache files to move.
1005 : 2024-02-04 13:27:53,257 : INFO : telemetry.records : Create temp folder /tmp/tmp33frup9z
1005 : 2024-02-04 13:27:53,257 : INFO : telemetry.records : Move file /home/shashank/.azure/telemetry/cache to /tmp/tmp33frup9z/cache
1005 : 2024-02-04 13:27:53,257 : INFO : telemetry.records : Processed file /tmp/tmp33frup9z/cache into 1 records.
1005 : 2024-02-04 13:27:53,257 : INFO : telemetry.records : Remove directory /tmp/tmp33frup9z
1005 : 2024-02-04 13:27:53,258 : INFO : telemetry.client : Accumulated 1 events. Flush the clients.
1005 : 2024-02-04 13:27:53,258 : INFO : telemetry.client : Flush client c4395b75-49cc-422c-bc95-c7d51aef5d46.
1005 : 2024-02-04 13:27:53,894 : INFO : telemetry.sender : Sending 3790 bytes
1005 : 2024-02-04 13:27:53,894 : INFO : telemetry.sender : Finish uploading in 0.635596 seconds.
1005 : 2024-02-04 13:27:53,894 : INFO : telemetry.note : Update the last send in note to 2024-02-04 13:27:53
1005 : 2024-02-04 13:27:53,894 : INFO : telemetry.note : Update the note mtime to 2024-02-04 13:27:53.894847
1134 : 2024-02-04 13:31:37,976 : INFO : telemetry.main : Attempt start. Configuration directory [/home/shashank/.azure].
1134 : 2024-02-04 13:31:37,977 : DEBUG : telemetry.note : acquiring lock
1134 : 2024-02-04 13:31:37,977 : DEBUG : telemetry.note : acquired lock
1134 : 2024-02-04 13:31:37,977 : INFO : telemetry.note : Update the note mtime to 2024-02-04 13:31:37.977790
1134 : 2024-02-04 13:31:37,981 : INFO : telemetry.note : Read timestamp from the note. The last send was 2024-02-04 13:27:53.
1134 : 2024-02-04 13:31:37,982 : INFO : telemetry.records : 1 cache files to move.
1134 : 2024-02-04 13:31:37,982 : INFO : telemetry.records : Create temp folder /tmp/tmpjsl9ee11
1134 : 2024-02-04 13:31:37,983 : INFO : telemetry.records : Move file /home/shashank/.azure/telemetry/cache to /tmp/tmpjsl9ee11/cache
1134 : 2024-02-04 13:31:37,983 : INFO : telemetry.records : Processed file /tmp/tmpjsl9ee11/cache into 1 records.
1134 : 2024-02-04 13:31:37,983 : INFO : telemetry.records : Remove directory /tmp/tmpjsl9ee11
1134 : 2024-02-04 13:31:37,984 : INFO : telemetry.client : Accumulated 1 events. Flush the clients.
1134 : 2024-02-04 13:31:37,985 : INFO : telemetry.client : Flush client c4395b75-49cc-422c-bc95-c7d51aef5d46.
1134 : 2024-02-04 13:31:38,676 : INFO : telemetry.sender : Sending 4032 bytes
1134 : 2024-02-04 13:31:38,676 : INFO : telemetry.sender : Finish uploading in 0.691170 seconds.
1134 : 2024-02-04 13:31:38,677 : INFO : telemetry.note : Update the last send in note to 2024-02-04 13:31:37
1134 : 2024-02-04 13:31:38,677 : INFO : telemetry.note : Update the note mtime to 2024-02-04 13:31:38.677363
1310 : 2024-02-04 13:37:40,512 : INFO : telemetry.main : Attempt start. Configuration directory [/home/shashank/.azure].
1310 : 2024-02-04 13:37:40,512 : DEBUG : telemetry.note : acquiring lock
1310 : 2024-02-04 13:37:40,512 : DEBUG : telemetry.note : acquired lock
1310 : 2024-02-04 13:37:40,513 : INFO : telemetry.note : Update the note mtime to 2024-02-04 13:37:40.513002
1310 : 2024-02-04 13:37:40,517 : INFO : telemetry.note : Read timestamp from the note. The last send was 2024-02-04 13:31:37.
1310 : 2024-02-04 13:37:40,517 : INFO : telemetry.records : 1 cache files to move.
1310 : 2024-02-04 13:37:40,518 : INFO : telemetry.records : Create temp folder /tmp/tmpi_zj_dj5
1310 : 2024-02-04 13:37:40,518 : INFO : telemetry.records : Move file /home/shashank/.azure/telemetry/cache to /tmp/tmpi_zj_dj5/cache
1310 : 2024-02-04 13:37:40,519 : INFO : telemetry.records : Processed file /tmp/tmpi_zj_dj5/cache into 1 records.
1310 : 2024-02-04 13:37:40,519 : INFO : telemetry.records : Remove directory /tmp/tmpi_zj_dj5
1310 : 2024-02-04 13:37:40,521 : INFO : telemetry.client : Accumulated 1 events. Flush the clients.
1310 : 2024-02-04 13:37:40,521 : INFO : telemetry.client : Flush client c4395b75-49cc-422c-bc95-c7d51aef5d46.
1310 : 2024-02-04 13:37:41,186 : INFO : telemetry.sender : Sending 4768 bytes
1310 : 2024-02-04 13:37:41,187 : INFO : telemetry.sender : Finish uploading in 0.665294 seconds.
1310 : 2024-02-04 13:37:41,187 : INFO : telemetry.note : Update the last send in note to 2024-02-04 13:37:40
1310 : 2024-02-04 13:37:41,187 : INFO : telemetry.note : Update the note mtime to 2024-02-04 13:37:41.187611
